{
  "RSpec": {
    "coverage": {
      "/Users/ajosephides/Documents/Makers/week8/Acebook---Data-Thieves/app/helpers/application_helper.rb": [
        1,
        null
      ],
      "/Users/ajosephides/Documents/Makers/week8/Acebook---Data-Thieves/app/controllers/posts_controller.rb": [
        1,
        1,
        4,
        null,
        null,
        1,
        4,
        4,
        null,
        null,
        1,
        5,
        null,
        null,
        1,
        null,
        1,
        4,
        null,
        null
      ],
      "/Users/ajosephides/Documents/Makers/week8/Acebook---Data-Thieves/app/controllers/application_controller.rb": [
        1,
        1,
        null
      ],
      "/Users/ajosephides/Documents/Makers/week8/Acebook---Data-Thieves/app/models/post.rb": [
        1,
        null
      ],
      "/Users/ajosephides/Documents/Makers/week8/Acebook---Data-Thieves/app/models/application_record.rb": [
        1,
        1,
        null
      ],
      "/Users/ajosephides/Documents/Makers/week8/Acebook---Data-Thieves/app/channels/application_cable/channel.rb": [
        0,
        0,
        0,
        0
      ]
    },
    "timestamp": 1563802348
  }
}
