{
  "RSpec": {
    "coverage": {
      "/Users/student/Desktop/Desktop/projects/Week8/Acebook-Data-Thieves/app/helpers/application_helper.rb": [
        1,
        null
      ],
      "/Users/student/Desktop/Desktop/projects/Week8/Acebook-Data-Thieves/app/controllers/posts_controller.rb": [
        1,
        1,
        2,
        null,
        null,
        1,
        3,
        3,
        null,
        null,
        1,
        3,
        null,
        null,
        1,
        null,
        1,
        3,
        null,
        null
      ],
      "/Users/student/Desktop/Desktop/projects/Week8/Acebook-Data-Thieves/app/controllers/application_controller.rb": [
        1,
        1,
        null
      ],
      "/Users/student/Desktop/Desktop/projects/Week8/Acebook-Data-Thieves/app/models/post.rb": [
        1,
        null
      ],
      "/Users/student/Desktop/Desktop/projects/Week8/Acebook-Data-Thieves/app/models/application_record.rb": [
        1,
        1,
        null
      ],
      "/Users/student/Desktop/Desktop/projects/Week8/Acebook-Data-Thieves/app/channels/application_cable/channel.rb": [
        0,
        0,
        0,
        0
      ]
    },
    "timestamp": 1563448012
  }
}
